[2022-11-11 03:29:42] [1] [WARN] Reporting disabled: using no op test run registrar
[2022-11-11 03:29:42] [1] [INFO] TEST [amazon-carina - verifyFilterTest] STARTED at [18:29:42 2022-11-11]
[2022-11-11 03:29:43] [1] [INFO] Starting driver session...
[2022-11-11 03:30:20] [1] [INFO] Driver session started.
[2022-11-11 03:30:20] [1] [INFO] INFO: opening url 'https://www.amazon.com/'
[2022-11-11 03:30:24] [1] [INFO] INFO: url 'https://www.amazon.com/' is opened.
[2022-11-11 03:30:38] [1] [ERROR] TEST [amazon-carina - verifyFilterTest] FAILED at [18:30:38 2022-11-11] - Expected condition failed: waiting for visibility of Proxy element for: com.qaprosoft.carina.core.foundation.webdriver.locator.ExtendedElementLocator@36e6e59f (tried for 5 second(s) with 500 milliseconds interval)

org.openqa.selenium.support.ui.WebDriverWait.timeoutException(WebDriverWait.java:95)
org.openqa.selenium.support.ui.FluentWait.until(FluentWait.java:272)
com.solvd.carina.amazon.mobile.androidpages.HomePage.isGoodDesire(HomePage.java:65)
com.solvd.carina.amazon.AmazonMobilTest.verifyFilterTest(AmazonMobilTest.java:178)
java.base/jdk.internal.reflect.NativeMethodAccessorImpl.invoke0(Native Method)
java.base/jdk.internal.reflect.NativeMethodAccessorImpl.invoke(NativeMethodAccessorImpl.java:62)
java.base/jdk.internal.reflect.DelegatingMethodAccessorImpl.invoke(DelegatingMethodAccessorImpl.java:43)
java.base/java.lang.reflect.Method.invoke(Method.java:566)
org.testng.internal.invokers.MethodInvocationHelper.invokeMethod(MethodInvocationHelper.java:135)
org.testng.internal.invokers.TestInvoker.invokeMethod(TestInvoker.java:673)
org.testng.internal.invokers.TestInvoker.invokeTestMethod(TestInvoker.java:220)
org.testng.internal.invokers.MethodRunner.runInSequence(MethodRunner.java:50)
org.testng.internal.invokers.TestInvoker$MethodInvocationAgent.invoke(TestInvoker.java:945)
org.testng.internal.invokers.TestInvoker.invokeTestMethods(TestInvoker.java:193)
org.testng.internal.invokers.TestMethodWorker.invokeTestMethods(TestMethodWorker.java:146)
org.testng.internal.invokers.TestMethodWorker.run(TestMethodWorker.java:128)
java.base/java.util.ArrayList.forEach(ArrayList.java:1541)
org.testng.TestRunner.privateRun(TestRunner.java:808)
org.testng.TestRunner.run(TestRunner.java:603)
org.testng.SuiteRunner.runTest(SuiteRunner.java:429)
org.testng.SuiteRunner.runSequentially(SuiteRunner.java:423)
org.testng.SuiteRunner.privateRun(SuiteRunner.java:383)
org.testng.SuiteRunner.run(SuiteRunner.java:326)
org.testng.SuiteRunnerWorker.runSuite(SuiteRunnerWorker.java:52)
org.testng.SuiteRunnerWorker.run(SuiteRunnerWorker.java:95)
org.testng.TestNG.runSuitesSequentially(TestNG.java:1249)
org.testng.TestNG.runSuitesLocally(TestNG.java:1169)
org.testng.TestNG.runSuites(TestNG.java:1092)
org.testng.TestNG.run(TestNG.java:1060)
com.intellij.rt.testng.IDEARemoteTestNG.run(IDEARemoteTestNG.java:66)
com.intellij.rt.testng.RemoteTestNGStarter.main(RemoteTestNGStarter.java:109)
