[2022-11-11 03:27:40] [1] [WARN] Reporting disabled: using no op test run registrar
[2022-11-11 03:27:40] [1] [INFO] TEST [amazon-carina - verifyFilterTest] STARTED at [18:27:40 2022-11-11]
[2022-11-11 03:27:40] [1] [INFO] Starting driver session...
[2022-11-11 03:28:03] [1] [INFO] Driver session started.
[2022-11-11 03:28:03] [1] [INFO] INFO: opening url 'https://www.amazon.com/'
[2022-11-11 03:28:07] [1] [INFO] INFO: url 'https://www.amazon.com/' is opened.
[2022-11-11 03:28:15] [1] [INFO] PASS: element 'filterMenuBtn' is clicked.
[2022-11-11 03:28:19] [1] [INFO] PASS: element 'seeAllBtn' is clicked.
[2022-11-11 03:28:21] [1] [INFO] PASS: element 'amazonMusicBtn' is clicked.
[2022-11-11 03:28:21] [1] [INFO] Verifying 'Smart Home' Presence on title of page : true
[2022-11-11 03:28:25] [1] [INFO] PASS: element 'freeStreamingMusicBtn' is clicked.
[2022-11-11 03:28:32] [1] [ERROR] TEST [amazon-carina - verifyFilterTest] FAILED at [18:28:32 2022-11-11] - No 'Pet' in title on filter result page present expected [true] but found [false]

org.testng.Assert.fail(Assert.java:110)
org.testng.Assert.failNotEquals(Assert.java:1413)
org.testng.Assert.assertTrue(Assert.java:56)
com.solvd.carina.amazon.AmazonMobilTest.verifyFilterTest(AmazonMobilTest.java:193)
java.base/jdk.internal.reflect.NativeMethodAccessorImpl.invoke0(Native Method)
java.base/jdk.internal.reflect.NativeMethodAccessorImpl.invoke(NativeMethodAccessorImpl.java:62)
java.base/jdk.internal.reflect.DelegatingMethodAccessorImpl.invoke(DelegatingMethodAccessorImpl.java:43)
java.base/java.lang.reflect.Method.invoke(Method.java:566)
org.testng.internal.invokers.MethodInvocationHelper.invokeMethod(MethodInvocationHelper.java:135)
org.testng.internal.invokers.TestInvoker.invokeMethod(TestInvoker.java:673)
org.testng.internal.invokers.TestInvoker.invokeTestMethod(TestInvoker.java:220)
org.testng.internal.invokers.MethodRunner.runInSequence(MethodRunner.java:50)
org.testng.internal.invokers.TestInvoker$MethodInvocationAgent.invoke(TestInvoker.java:945)
org.testng.internal.invokers.TestInvoker.invokeTestMethods(TestInvoker.java:193)
org.testng.internal.invokers.TestMethodWorker.invokeTestMethods(TestMethodWorker.java:146)
org.testng.internal.invokers.TestMethodWorker.run(TestMethodWorker.java:128)
java.base/java.util.ArrayList.forEach(ArrayList.java:1541)
org.testng.TestRunner.privateRun(TestRunner.java:808)
org.testng.TestRunner.run(TestRunner.java:603)
org.testng.SuiteRunner.runTest(SuiteRunner.java:429)
org.testng.SuiteRunner.runSequentially(SuiteRunner.java:423)
org.testng.SuiteRunner.privateRun(SuiteRunner.java:383)
org.testng.SuiteRunner.run(SuiteRunner.java:326)
org.testng.SuiteRunnerWorker.runSuite(SuiteRunnerWorker.java:52)
org.testng.SuiteRunnerWorker.run(SuiteRunnerWorker.java:95)
org.testng.TestNG.runSuitesSequentially(TestNG.java:1249)
org.testng.TestNG.runSuitesLocally(TestNG.java:1169)
org.testng.TestNG.runSuites(TestNG.java:1092)
org.testng.TestNG.run(TestNG.java:1060)
com.intellij.rt.testng.IDEARemoteTestNG.run(IDEARemoteTestNG.java:66)
com.intellij.rt.testng.RemoteTestNGStarter.main(RemoteTestNGStarter.java:109)
